-------------------------------------------------------------------------------
Test set: com.zerobank.runners.AddNewPayeeParallelRunner
-------------------------------------------------------------------------------
Tests run: 1, Failures: 0, Errors: 1, Skipped: 0, Time elapsed: 0.005 s <<< FAILURE! - in com.zerobank.runners.AddNewPayeeParallelRunner
com.zerobank.runners.AddNewPayeeParallelRunner.initializationError  Time elapsed: 0.005 s  <<< ERROR!
java.lang.IllegalArgumentException: path must exist: C:\Users\Arpat\IdeaProjects\Cucumber_B20_OnlineBankTask\src\test\resources\features\onlineBank\AddNewPayee.feature

